<?xml version="1.0" encoding="UTF-8"?>
<!-- Generated by org.testng.reporters.JUnitXMLReporter -->
<testsuite hostname="LIN49000594" name="Test_Practise" tests="5" failures="0" timestamp="27 Jul 2020 11:25:15 GMT" time="0.083" errors="0">
  <testcase name="test1" time="0.028" classname="Parallel_Execution.Example1"/>
  <testcase name="test2" time="0.028" classname="Parallel_Execution.Example1"/>
  <testcase name="test1" time="0.006" classname="Parallel_Execution.Example2"/>
  <testcase name="test2" time="0.007" classname="Parallel_Execution.Example2"/>
  <testcase name="test3" time="0.008" classname="Parallel_Execution.Example2"/>
</testsuite> <!-- Test_Practise -->
